<?xml version="1.0" encoding="UTF-8"?>
<robot generator="Robot 6.1.1 (Python 3.8.10 on win32)" generated="20240705 16:04:32.346" rpa="false" schemaversion="4">
<suite id="s1" name="Auto Ride" source="D:\0705\Script\Auto_Ride.robot">
<test id="s1-t1" name="CAN Bus Test" line="10">
<kw name="Open COM" library="HTP_temp">
<msg timestamp="20240705 16:04:32.373" level="INFO">Connected !</msg>
<status status="PASS" starttime="20240705 16:04:32.372" endtime="20240705 16:04:32.373"/>
</kw>
<kw name="Start Dongle">
<kw name="Write" library="HTP_temp">
<arg>DG</arg>
<msg timestamp="20240705 16:04:32.378" level="INFO">OK</msg>
<status status="PASS" starttime="20240705 16:04:32.377" endtime="20240705 16:04:32.378"/>
</kw>
<kw name="Write" library="HTP_temp">
<var>${Return}</var>
<arg>AT</arg>
<msg timestamp="20240705 16:04:32.380" level="INFO">OK</msg>
<msg timestamp="20240705 16:04:32.381" level="INFO">${Return} = OK
</msg>
<status status="PASS" starttime="20240705 16:04:32.378" endtime="20240705 16:04:32.381"/>
</kw>
<kw name="Should Be Equal" library="BuiltIn">
<arg>${Return}</arg>
<arg>OK\r\n</arg>
<doc>Fails if the given objects are unequal.</doc>
<status status="PASS" starttime="20240705 16:04:32.381" endtime="20240705 16:04:32.381"/>
</kw>
<kw name="Sleep" library="BuiltIn">
<arg>1</arg>
<doc>Pauses the test executed for the given time.</doc>
<msg timestamp="20240705 16:04:33.383" level="INFO">Slept 1 second</msg>
<status status="PASS" starttime="20240705 16:04:32.382" endtime="20240705 16:04:33.383"/>
</kw>
<status status="PASS" starttime="20240705 16:04:32.377" endtime="20240705 16:04:33.383"/>
</kw>
<kw name="Push Button Up for 0.2 Second">
<kw name="Write" library="HTP_temp">
<var>${Return}</var>
<arg>AT+LOADTEST=1000,8,1,[\\x02\\x00\\x00\\x00\\x00\\x00\\x00\\x00],2,200</arg>
<msg timestamp="20240705 16:04:33.387" level="INFO">OK</msg>
<msg timestamp="20240705 16:04:33.387" level="INFO">${Return} = OK
</msg>
<status status="PASS" starttime="20240705 16:04:33.385" endtime="20240705 16:04:33.387"/>
</kw>
<kw name="Should Be Equal" library="BuiltIn">
<arg>${Return}</arg>
<arg>OK\r\n</arg>
<doc>Fails if the given objects are unequal.</doc>
<status status="PASS" starttime="20240705 16:04:33.387" endtime="20240705 16:04:33.388"/>
</kw>
<status status="PASS" starttime="20240705 16:04:33.385" endtime="20240705 16:04:33.388"/>
</kw>
<kw name="Release All Button for 1 Second">
<kw name="Write" library="HTP_temp">
<var>${Return}</var>
<arg>AT+LOADTEST=1000,8,1,[\\x00\\x00\\x00\\x00\\x00\\x00\\x00\\x00],1,1000</arg>
<msg timestamp="20240705 16:04:33.391" level="INFO">OK</msg>
<msg timestamp="20240705 16:04:33.391" level="INFO">${Return} = OK
</msg>
<status status="PASS" starttime="20240705 16:04:33.389" endtime="20240705 16:04:33.391"/>
</kw>
<kw name="Should Be Equal" library="BuiltIn">
<arg>${Return}</arg>
<arg>OK\r\n</arg>
<doc>Fails if the given objects are unequal.</doc>
<status status="PASS" starttime="20240705 16:04:33.391" endtime="20240705 16:04:33.392"/>
</kw>
<status status="PASS" starttime="20240705 16:04:33.389" endtime="20240705 16:04:33.392"/>
</kw>
<kw name="Start Test">
<kw name="Write" library="HTP_temp">
<var>${Return}</var>
<arg>AT+TEST=1</arg>
<msg timestamp="20240705 16:04:33.395" level="INFO">OK</msg>
<msg timestamp="20240705 16:04:33.395" level="INFO">${Return} = OK
</msg>
<status status="PASS" starttime="20240705 16:04:33.394" endtime="20240705 16:04:33.395"/>
</kw>
<kw name="Should Be Equal" library="BuiltIn">
<arg>${Return}</arg>
<arg>OK\r\n</arg>
<doc>Fails if the given objects are unequal.</doc>
<status status="PASS" starttime="20240705 16:04:33.395" endtime="20240705 16:04:33.396"/>
</kw>
<status status="PASS" starttime="20240705 16:04:33.393" endtime="20240705 16:04:33.396"/>
</kw>
<kw name="Sleep" library="BuiltIn">
<arg>5</arg>
<doc>Pauses the test executed for the given time.</doc>
<msg timestamp="20240705 16:04:38.399" level="INFO">Slept 5 seconds</msg>
<status status="PASS" starttime="20240705 16:04:33.397" endtime="20240705 16:04:38.399"/>
</kw>
<kw name="Push Button Up for 0.2 Second">
<kw name="Write" library="HTP_temp">
<var>${Return}</var>
<arg>AT+LOADTEST=1000,8,1,[\\x02\\x00\\x00\\x00\\x00\\x00\\x00\\x00],2,200</arg>
<msg timestamp="20240705 16:04:38.408" level="INFO">OK</msg>
<msg timestamp="20240705 16:04:38.408" level="INFO">${Return} = OK
</msg>
<status status="PASS" starttime="20240705 16:04:38.407" endtime="20240705 16:04:38.408"/>
</kw>
<kw name="Should Be Equal" library="BuiltIn">
<arg>${Return}</arg>
<arg>OK\r\n</arg>
<doc>Fails if the given objects are unequal.</doc>
<status status="PASS" starttime="20240705 16:04:38.408" endtime="20240705 16:04:38.408"/>
</kw>
<status status="PASS" starttime="20240705 16:04:38.406" endtime="20240705 16:04:38.408"/>
</kw>
<kw name="Release All Button for 1 Second">
<kw name="Write" library="HTP_temp">
<var>${Return}</var>
<arg>AT+LOADTEST=1000,8,1,[\\x00\\x00\\x00\\x00\\x00\\x00\\x00\\x00],1,1000</arg>
<msg timestamp="20240705 16:04:38.412" level="INFO">OK</msg>
<msg timestamp="20240705 16:04:38.412" level="INFO">${Return} = OK
</msg>
<status status="PASS" starttime="20240705 16:04:38.410" endtime="20240705 16:04:38.412"/>
</kw>
<kw name="Should Be Equal" library="BuiltIn">
<arg>${Return}</arg>
<arg>OK\r\n</arg>
<doc>Fails if the given objects are unequal.</doc>
<status status="PASS" starttime="20240705 16:04:38.412" endtime="20240705 16:04:38.413"/>
</kw>
<status status="PASS" starttime="20240705 16:04:38.409" endtime="20240705 16:04:38.413"/>
</kw>
<kw name="Start Test">
<kw name="Write" library="HTP_temp">
<var>${Return}</var>
<arg>AT+TEST=1</arg>
<msg timestamp="20240705 16:04:38.415" level="INFO">OK</msg>
<msg timestamp="20240705 16:04:38.415" level="INFO">${Return} = OK
</msg>
<status status="PASS" starttime="20240705 16:04:38.414" endtime="20240705 16:04:38.416"/>
</kw>
<kw name="Should Be Equal" library="BuiltIn">
<arg>${Return}</arg>
<arg>OK\r\n</arg>
<doc>Fails if the given objects are unequal.</doc>
<status status="PASS" starttime="20240705 16:04:38.416" endtime="20240705 16:04:38.416"/>
</kw>
<status status="PASS" starttime="20240705 16:04:38.414" endtime="20240705 16:04:38.416"/>
</kw>
<kw name="Sleep" library="BuiltIn">
<arg>5</arg>
<doc>Pauses the test executed for the given time.</doc>
<msg timestamp="20240705 16:04:43.425" level="INFO">Slept 5 seconds</msg>
<status status="PASS" starttime="20240705 16:04:38.420" endtime="20240705 16:04:43.425"/>
</kw>
<kw name="Push Button Down for 0.2 Second">
<kw name="Write" library="HTP_temp">
<var>${Return}</var>
<arg>AT+LOADTEST=1000,8,1,[\\x10\\x00\\x00\\x00\\x00\\x00\\x00\\x00],2,200</arg>
<msg timestamp="20240705 16:04:43.427" level="INFO">OK</msg>
<msg timestamp="20240705 16:04:43.427" level="INFO">${Return} = OK
</msg>
<status status="PASS" starttime="20240705 16:04:43.425" endtime="20240705 16:04:43.427"/>
</kw>
<kw name="Should Be Equal" library="BuiltIn">
<arg>${Return}</arg>
<arg>OK\r\n</arg>
<doc>Fails if the given objects are unequal.</doc>
<status status="PASS" starttime="20240705 16:04:43.427" endtime="20240705 16:04:43.427"/>
</kw>
<status status="PASS" starttime="20240705 16:04:43.425" endtime="20240705 16:04:43.427"/>
</kw>
<kw name="Release All Button for 1 Second">
<kw name="Write" library="HTP_temp">
<var>${Return}</var>
<arg>AT+LOADTEST=1000,8,1,[\\x00\\x00\\x00\\x00\\x00\\x00\\x00\\x00],1,1000</arg>
<msg timestamp="20240705 16:04:43.431" level="INFO">OK</msg>
<msg timestamp="20240705 16:04:43.431" level="INFO">${Return} = OK
</msg>
<status status="PASS" starttime="20240705 16:04:43.428" endtime="20240705 16:04:43.431"/>
</kw>
<kw name="Should Be Equal" library="BuiltIn">
<arg>${Return}</arg>
<arg>OK\r\n</arg>
<doc>Fails if the given objects are unequal.</doc>
<status status="PASS" starttime="20240705 16:04:43.431" endtime="20240705 16:04:43.431"/>
</kw>
<status status="PASS" starttime="20240705 16:04:43.427" endtime="20240705 16:04:43.431"/>
</kw>
<kw name="Start Test">
<kw name="Write" library="HTP_temp">
<var>${Return}</var>
<arg>AT+TEST=1</arg>
<msg timestamp="20240705 16:04:43.435" level="INFO">OK</msg>
<msg timestamp="20240705 16:04:43.435" level="INFO">${Return} = OK
</msg>
<status status="PASS" starttime="20240705 16:04:43.432" endtime="20240705 16:04:43.435"/>
</kw>
<kw name="Should Be Equal" library="BuiltIn">
<arg>${Return}</arg>
<arg>OK\r\n</arg>
<doc>Fails if the given objects are unequal.</doc>
<status status="PASS" starttime="20240705 16:04:43.435" endtime="20240705 16:04:43.435"/>
</kw>
<status status="PASS" starttime="20240705 16:04:43.432" endtime="20240705 16:04:43.435"/>
</kw>
<kw name="Sleep" library="BuiltIn">
<arg>5</arg>
<doc>Pauses the test executed for the given time.</doc>
<msg timestamp="20240705 16:04:48.450" level="INFO">Slept 5 seconds</msg>
<status status="PASS" starttime="20240705 16:04:43.437" endtime="20240705 16:04:48.450"/>
</kw>
<kw name="Push Button Down for 0.2 Second">
<kw name="Write" library="HTP_temp">
<var>${Return}</var>
<arg>AT+LOADTEST=1000,8,1,[\\x10\\x00\\x00\\x00\\x00\\x00\\x00\\x00],2,200</arg>
<msg timestamp="20240705 16:04:48.454" level="INFO">OK</msg>
<msg timestamp="20240705 16:04:48.454" level="INFO">${Return} = OK
</msg>
<status status="PASS" starttime="20240705 16:04:48.452" endtime="20240705 16:04:48.454"/>
</kw>
<kw name="Should Be Equal" library="BuiltIn">
<arg>${Return}</arg>
<arg>OK\r\n</arg>
<doc>Fails if the given objects are unequal.</doc>
<status status="PASS" starttime="20240705 16:04:48.454" endtime="20240705 16:04:48.455"/>
</kw>
<status status="PASS" starttime="20240705 16:04:48.452" endtime="20240705 16:04:48.455"/>
</kw>
<kw name="Release All Button for 1 Second">
<kw name="Write" library="HTP_temp">
<var>${Return}</var>
<arg>AT+LOADTEST=1000,8,1,[\\x00\\x00\\x00\\x00\\x00\\x00\\x00\\x00],1,1000</arg>
<msg timestamp="20240705 16:04:48.458" level="INFO">OK</msg>
<msg timestamp="20240705 16:04:48.458" level="INFO">${Return} = OK
</msg>
<status status="PASS" starttime="20240705 16:04:48.457" endtime="20240705 16:04:48.458"/>
</kw>
<kw name="Should Be Equal" library="BuiltIn">
<arg>${Return}</arg>
<arg>OK\r\n</arg>
<doc>Fails if the given objects are unequal.</doc>
<status status="PASS" starttime="20240705 16:04:48.458" endtime="20240705 16:04:48.459"/>
</kw>
<status status="PASS" starttime="20240705 16:04:48.455" endtime="20240705 16:04:48.459"/>
</kw>
<kw name="Start Test">
<kw name="Write" library="HTP_temp">
<var>${Return}</var>
<arg>AT+TEST=1</arg>
<msg timestamp="20240705 16:04:48.462" level="INFO">OK</msg>
<msg timestamp="20240705 16:04:48.462" level="INFO">${Return} = OK
</msg>
<status status="PASS" starttime="20240705 16:04:48.461" endtime="20240705 16:04:48.462"/>
</kw>
<kw name="Should Be Equal" library="BuiltIn">
<arg>${Return}</arg>
<arg>OK\r\n</arg>
<doc>Fails if the given objects are unequal.</doc>
<status status="PASS" starttime="20240705 16:04:48.462" endtime="20240705 16:04:48.462"/>
</kw>
<status status="PASS" starttime="20240705 16:04:48.461" endtime="20240705 16:04:48.463"/>
</kw>
<kw name="Log" library="BuiltIn">
<arg>End the Test</arg>
<doc>Logs the given message with the given level.</doc>
<msg timestamp="20240705 16:04:48.464" level="INFO">End the Test</msg>
<status status="PASS" starttime="20240705 16:04:48.464" endtime="20240705 16:04:48.464"/>
</kw>
<doc>Test for CAN Bus communication</doc>
<status status="PASS" starttime="20240705 16:04:32.371" endtime="20240705 16:04:48.467"/>
</test>
<doc>SSB auto testing</doc>
<status status="PASS" starttime="20240705 16:04:32.348" endtime="20240705 16:04:48.470"/>
</suite>
<statistics>
<total>
<stat pass="1" fail="0" skip="0">All Tests</stat>
</total>
<tag>
</tag>
<suite>
<stat pass="1" fail="0" skip="0" id="s1" name="Auto Ride">Auto Ride</stat>
</suite>
</statistics>
<errors>
</errors>
</robot>
